<?xml version="1.0" encoding="UTF-8"?>
<testsuite name="com.anmfire.tv.util.VideoExtractorTest" tests="3" skipped="0" failures="0" errors="0" timestamp="2025-12-28T17:41:30.307Z" hostname="MG-PC" time="0.037">
  <properties/>
  <testcase name="testRegexExtraction" classname="com.anmfire.tv.util.VideoExtractorTest" time="0.011"/>
  <testcase name="testQualityScore" classname="com.anmfire.tv.util.VideoExtractorTest" time="0.004"/>
  <testcase name="testSorting" classname="com.anmfire.tv.util.VideoExtractorTest" time="0.02"/>
  <system-out><![CDATA[]]></system-out>
  <system-err><![CDATA[]]></system-err>
</testsuite>
